<?xml version="1.0" encoding="UTF-8"?>
<!-- Generated by org.testng.reporters.JUnitReportReporter -->
<testsuite hostname="eiger.td.teradata.com" name="com.teradata.tempto.sample_presto_table" tests="1" failures="0" timestamp="5 Oct 2015 17:31:56 GMT" time="0.121" errors="1">
  <testcase name="psqlOverPrestoAllRows" time="0.121" classname="com.teradata.tempto.sample_presto_table">
    <error type="com.teradata.tempto.query.QueryExecutionException" message="java.sql.SQLException: Error executing query">
      <![CDATA[com.teradata.tempto.query.QueryExecutionException: java.sql.SQLException: Error executing query
	at com.teradata.tempto.query.JdbcQueryExecutor.execute(JdbcQueryExecutor.java:92)
	at com.teradata.tempto.query.JdbcQueryExecutor.executeQuery(JdbcQueryExecutor.java:62)
	at com.teradata.tempto.internal.convention.sql.SqlQueryConventionBasedTest.runTestQuery(SqlQueryConventionBasedTest.java:116)
	at com.teradata.tempto.internal.convention.sql.SqlQueryConventionBasedTest.test(SqlQueryConventionBasedTest.java:94)
	at com.teradata.tempto.internal.convention.ConventionBasedTestProxyGenerator$ConventionBasedTestProxy.test(ConventionBasedTestProxyGenerator.java:120)
	at com.teradata.tempto.sample_presto_table.psqlOverPrestoAllRows(Unknown Source)
	at sun.reflect.NativeMethodAccessorImpl.invoke0(Native Method)
	at sun.reflect.NativeMethodAccessorImpl.invoke(NativeMethodAccessorImpl.java:62)
	at sun.reflect.DelegatingMethodAccessorImpl.invoke(DelegatingMethodAccessorImpl.java:43)
	at java.lang.reflect.Method.invoke(Method.java:497)
	at org.testng.internal.MethodInvocationHelper.invokeMethod(MethodInvocationHelper.java:85)
	at org.testng.internal.Invoker.invokeMethod(Invoker.java:639)
	at org.testng.internal.Invoker.invokeTestMethod(Invoker.java:821)
	at org.testng.internal.Invoker.invokeTestMethods(Invoker.java:1131)
	at org.testng.internal.TestMethodWorker.invokeTestMethods(TestMethodWorker.java:124)
	at org.testng.internal.TestMethodWorker.run(TestMethodWorker.java:108)
	at org.testng.TestRunner.privateRun(TestRunner.java:773)
	at org.testng.TestRunner.run(TestRunner.java:623)
	at org.testng.SuiteRunner.runTest(SuiteRunner.java:357)
	at org.testng.SuiteRunner.runSequentially(SuiteRunner.java:352)
	at org.testng.SuiteRunner.privateRun(SuiteRunner.java:310)
	at org.testng.SuiteRunner.run(SuiteRunner.java:259)
	at org.testng.SuiteRunnerWorker.runSuite(SuiteRunnerWorker.java:52)
	at org.testng.SuiteRunnerWorker.run(SuiteRunnerWorker.java:86)
	at org.testng.TestNG.runSuitesSequentially(TestNG.java:1185)
	at org.testng.TestNG.runSuitesLocally(TestNG.java:1110)
	at org.testng.TestNG.run(TestNG.java:1018)
	at com.teradata.tempto.runner.TemptoRunner.run(TemptoRunner.java:81)
	at com.teradata.tempto.runner.TemptoRunner.runTempto(TemptoRunner.java:59)
	at com.teradata.tempto.runner.TemptoRunner.runTempto(TemptoRunner.java:47)
	at com.teradata.tempto.examples.TemptoExamples.main(TemptoExamples.java:30)
Caused by: java.sql.SQLException: Error executing query
	at com.facebook.presto.jdbc.PrestoStatement.executeQuery(PrestoStatement.java:54)
	at com.teradata.tempto.query.JdbcQueryExecutor.executeQueryNoParams(JdbcQueryExecutor.java:101)
	at com.teradata.tempto.query.JdbcQueryExecutor.execute(JdbcQueryExecutor.java:85)
	... 30 more
Caused by: com.facebook.presto.jdbc.internal.airlift.http.client.RuntimeIOException: Server refused connection: http://localhost:8080/v1/statement
	at com.facebook.presto.jdbc.internal.airlift.http.client.ResponseHandlerUtils.propagate(ResponseHandlerUtils.java:17)
	at com.facebook.presto.jdbc.internal.airlift.http.client.FullJsonResponseHandler.handleException(FullJsonResponseHandler.java:55)
	at com.facebook.presto.jdbc.internal.airlift.http.client.FullJsonResponseHandler.handleException(FullJsonResponseHandler.java:35)
	at com.facebook.presto.jdbc.internal.airlift.http.client.jetty.JettyHttpClient.execute(JettyHttpClient.java:297)
	at com.facebook.presto.jdbc.internal.client.StatementClient.<init>(StatementClient.java:96)
	at com.facebook.presto.jdbc.QueryExecutor.startQuery(QueryExecutor.java:63)
	at com.facebook.presto.jdbc.PrestoConnection.startQuery(PrestoConnection.java:588)
	at com.facebook.presto.jdbc.PrestoStatement.executeQuery(PrestoStatement.java:49)
	... 32 more
Caused by: java.net.ConnectException: Connection refused
	at sun.nio.ch.SocketChannelImpl.checkConnect(Native Method)
	at sun.nio.ch.SocketChannelImpl.finishConnect(SocketChannelImpl.java:717)
	at com.facebook.presto.jdbc.internal.jetty.io.SelectorManager.finishConnect(SelectorManager.java:340)
	at com.facebook.presto.jdbc.internal.jetty.io.SelectorManager$ManagedSelector.processConnect(SelectorManager.java:671)
	at com.facebook.presto.jdbc.internal.jetty.io.SelectorManager$ManagedSelector.processKey(SelectorManager.java:640)
	at com.facebook.presto.jdbc.internal.jetty.io.SelectorManager$ManagedSelector.select(SelectorManager.java:607)
	at com.facebook.presto.jdbc.internal.jetty.io.SelectorManager$ManagedSelector.run(SelectorManager.java:545)
	at com.facebook.presto.jdbc.internal.jetty.util.thread.NonBlockingThread.run(NonBlockingThread.java:52)
	at com.facebook.presto.jdbc.internal.jetty.util.thread.QueuedThreadPool.runJob(QueuedThreadPool.java:635)
	at com.facebook.presto.jdbc.internal.jetty.util.thread.QueuedThreadPool$3.run(QueuedThreadPool.java:555)
	at java.lang.Thread.run(Thread.java:745)
]]>
    </error>
  </testcase> <!-- psqlOverPrestoAllRows -->
</testsuite> <!-- com.teradata.tempto.sample_presto_table -->
