<?xml version="1.0" encoding="UTF-8"?>
<!-- Generated by org.testng.reporters.JUnitReportReporter -->
<testsuite hostname="eiger.td.teradata.com" name="com.teradata.tempto.examples.PostgresqlQueryTest" tests="2" failures="0" timestamp="5 Oct 2015 17:31:56 GMT" time="0.360" errors="0">
  <testcase name="selectFromImmutableTable" time="0.194" classname="com.teradata.tempto.examples.PostgresqlQueryTest"/>
  <testcase name="selectFromMutableTable" time="0.166" classname="com.teradata.tempto.examples.PostgresqlQueryTest"/>
</testsuite> <!-- com.teradata.tempto.examples.PostgresqlQueryTest -->
