<?xml version="1.0" encoding="UTF-8"?>
<!-- Generated by org.testng.reporters.JUnitReportReporter -->
<testsuite hostname="eiger.td.teradata.com" name="com.teradata.tempto.sample_psql_table" tests="1" failures="0" timestamp="5 Oct 2015 17:31:56 GMT" time="0.106" errors="0">
  <testcase name="allRows" time="0.106" classname="com.teradata.tempto.sample_psql_table"/>
</testsuite> <!-- com.teradata.tempto.sample_psql_table -->
