<?xml version="1.0" encoding="UTF-8"?>
<!-- Generated by org.testng.reporters.JUnitReportReporter -->
<testsuite hostname="eiger.td.teradata.com" name="com.teradata.tempto.examples.TpchDataSourceTest" tests="1" failures="1" timestamp="5 Oct 2015 17:31:56 GMT" time="0.132" errors="0">
  <testcase name="testDataSource" time="0.132" classname="com.teradata.tempto.examples.TpchDataSourceTest">
    <failure type="org.junit.ComparisonFailure" message="expected:&lt;&quot;/tempto/tpch/sf-1[,]00/REGION&quot;&gt; but was:&lt;&quot;/tempto/tpch/sf-1[_]00/REGION&quot;&gt;">
      <![CDATA[org.junit.ComparisonFailure: expected:<"/tempto/tpch/sf-1[,]00/REGION"> but was:<"/tempto/tpch/sf-1[_]00/REGION">
	at sun.reflect.NativeConstructorAccessorImpl.newInstance0(Native Method)
	at sun.reflect.NativeConstructorAccessorImpl.newInstance(NativeConstructorAccessorImpl.java:62)
	at sun.reflect.DelegatingConstructorAccessorImpl.newInstance(DelegatingConstructorAccessorImpl.java:45)
	at com.teradata.tempto.examples.TpchDataSourceTest.testDataSource(TpchDataSourceTest.java:43)
	at sun.reflect.NativeMethodAccessorImpl.invoke0(Native Method)
	at sun.reflect.NativeMethodAccessorImpl.invoke(NativeMethodAccessorImpl.java:62)
	at sun.reflect.DelegatingMethodAccessorImpl.invoke(DelegatingMethodAccessorImpl.java:43)
	at java.lang.reflect.Method.invoke(Method.java:497)
	at org.testng.internal.MethodInvocationHelper.invokeMethod(MethodInvocationHelper.java:85)
	at org.testng.internal.Invoker.invokeMethod(Invoker.java:639)
	at org.testng.internal.Invoker.invokeTestMethod(Invoker.java:821)
	at org.testng.internal.Invoker.invokeTestMethods(Invoker.java:1131)
	at org.testng.internal.TestMethodWorker.invokeTestMethods(TestMethodWorker.java:124)
	at org.testng.internal.TestMethodWorker.run(TestMethodWorker.java:108)
	at org.testng.TestRunner.privateRun(TestRunner.java:773)
	at org.testng.TestRunner.run(TestRunner.java:623)
	at org.testng.SuiteRunner.runTest(SuiteRunner.java:357)
	at org.testng.SuiteRunner.runSequentially(SuiteRunner.java:352)
	at org.testng.SuiteRunner.privateRun(SuiteRunner.java:310)
	at org.testng.SuiteRunner.run(SuiteRunner.java:259)
	at org.testng.SuiteRunnerWorker.runSuite(SuiteRunnerWorker.java:52)
	at org.testng.SuiteRunnerWorker.run(SuiteRunnerWorker.java:86)
	at org.testng.TestNG.runSuitesSequentially(TestNG.java:1185)
	at org.testng.TestNG.runSuitesLocally(TestNG.java:1110)
	at org.testng.TestNG.run(TestNG.java:1018)
	at com.teradata.tempto.runner.TemptoRunner.run(TemptoRunner.java:81)
	at com.teradata.tempto.runner.TemptoRunner.runTempto(TemptoRunner.java:59)
	at com.teradata.tempto.runner.TemptoRunner.runTempto(TemptoRunner.java:47)
	at com.teradata.tempto.examples.TemptoExamples.main(TemptoExamples.java:30)
]]>
    </failure>
  </testcase> <!-- testDataSource -->
</testsuite> <!-- com.teradata.tempto.examples.TpchDataSourceTest -->
