<?xml version="1.0" encoding="UTF-8"?>
<!-- Generated by org.testng.reporters.JUnitReportReporter -->
<testsuite hostname="eiger.td.teradata.com" name="com.teradata.tempto.examples.InjectionTest" tests="1" failures="0" timestamp="5 Oct 2015 17:31:56 GMT" time="0.099" errors="0">
  <testcase name="testInjection" time="0.099" classname="com.teradata.tempto.examples.InjectionTest"/>
</testsuite> <!-- com.teradata.tempto.examples.InjectionTest -->
